07:44:58.944 [main] INFO  io.javalin.Javalin - 
           __                      __ _
          / /____ _ _   __ ____ _ / /(_)____
     __  / // __ `/| | / // __ `// // // __ \
    / /_/ // /_/ / | |/ // /_/ // // // / / /
    \____/ \__,_/  |___/ \__,_//_//_//_/ /_/

        https://javalin.io/documentation

07:44:58.982 [main] INFO  org.eclipse.jetty.util.log - Logging initialized @912ms to org.eclipse.jetty.util.log.Slf4jLog
07:44:58.984 [main] INFO  io.javalin.Javalin - Starting Javalin ...
07:45:00.207 [main] INFO  io.javalin.Javalin - Listening on http://localhost:7001/
07:45:00.209 [main] INFO  io.javalin.Javalin - Javalin started in 1226ms \o/
07:45:55.022 [main] INFO  io.javalin.Javalin - 
           __                      __ _
          / /____ _ _   __ ____ _ / /(_)____
     __  / // __ `/| | / // __ `// // // __ \
    / /_/ // /_/ / | |/ // /_/ // // // / / /
    \____/ \__,_/  |___/ \__,_//_//_//_/ /_/

        https://javalin.io/documentation

07:45:55.051 [main] INFO  org.eclipse.jetty.util.log - Logging initialized @755ms to org.eclipse.jetty.util.log.Slf4jLog
07:45:55.053 [main] INFO  io.javalin.Javalin - Starting Javalin ...
07:45:55.367 [main] INFO  io.javalin.Javalin - Listening on http://localhost:7001/
07:45:55.368 [main] INFO  io.javalin.Javalin - Javalin started in 316ms \o/
07:47:47.701 [main] INFO  io.javalin.Javalin - 
           __                      __ _
          / /____ _ _   __ ____ _ / /(_)____
     __  / // __ `/| | / // __ `// // // __ \
    / /_/ // /_/ / | |/ // /_/ // // // / / /
    \____/ \__,_/  |___/ \__,_//_//_//_/ /_/

        https://javalin.io/documentation

07:47:47.732 [main] INFO  org.eclipse.jetty.util.log - Logging initialized @832ms to org.eclipse.jetty.util.log.Slf4jLog
07:47:47.734 [main] INFO  io.javalin.Javalin - Starting Javalin ...
07:47:48.046 [main] INFO  io.javalin.Javalin - Listening on http://localhost:7001/
07:47:48.046 [main] INFO  io.javalin.Javalin - Javalin started in 313ms \o/
07:47:58.506 [qtp1337192014-18] INFO  com.revature.app.Application - POST request to endpoint /clients received
07:48:03.190 [qtp1337192014-14] INFO  com.revature.app.Application - GET request to endpoint /clients received
07:48:14.477 [qtp1337192014-21] INFO  com.revature.app.Application - GET request to endpoint /clients/1 received
07:48:22.417 [qtp1337192014-20] INFO  com.revature.app.Application - PUT request to endpoint /clients/1 received
07:48:31.828 [qtp1337192014-21] INFO  com.revature.app.Application - GET request to endpoint /clients received
07:48:34.862 [qtp1337192014-20] INFO  com.revature.app.Application - DELETE request to endpoint /clients/1 received
07:48:37.522 [qtp1337192014-21] INFO  com.revature.app.Application - GET request to endpoint /clients received
07:48:46.094 [qtp1337192014-20] INFO  com.revature.app.Application - POST request to endpoint /clients/1/accounts received
07:48:46.104 [qtp1337192014-20] INFO  io.javalin.Javalin - Couldn't deserialize body to PostAccountDTO
com.fasterxml.jackson.databind.exc.UnrecognizedPropertyException: Unrecognized field "accountType" (class com.revature.dto.PostAccountDTO), not marked as ignorable (2 known properties: "accountName", "amount"])
 at [Source: (String)"{
    "accountType": "bitcoin",
    "amount": 400
}"; line: 2, column: 21] (through reference chain: com.revature.dto.PostAccountDTO["accountType"])
	at com.fasterxml.jackson.databind.exc.UnrecognizedPropertyException.from(UnrecognizedPropertyException.java:61)
	at com.fasterxml.jackson.databind.DeserializationContext.handleUnknownProperty(DeserializationContext.java:987)
	at com.fasterxml.jackson.databind.deser.std.StdDeserializer.handleUnknownProperty(StdDeserializer.java:1974)
	at com.fasterxml.jackson.databind.deser.BeanDeserializerBase.handleUnknownProperty(BeanDeserializerBase.java:1701)
	at com.fasterxml.jackson.databind.deser.BeanDeserializerBase.handleUnknownVanilla(BeanDeserializerBase.java:1679)
	at com.fasterxml.jackson.databind.deser.BeanDeserializer.vanillaDeserialize(BeanDeserializer.java:330)
	at com.fasterxml.jackson.databind.deser.BeanDeserializer.deserialize(BeanDeserializer.java:187)
	at com.fasterxml.jackson.databind.deser.DefaultDeserializationContext.readRootValue(DefaultDeserializationContext.java:322)
	at com.fasterxml.jackson.databind.ObjectMapper._readMapAndClose(ObjectMapper.java:4593)
	at com.fasterxml.jackson.databind.ObjectMapper.readValue(ObjectMapper.java:3548)
	at com.fasterxml.jackson.databind.ObjectMapper.readValue(ObjectMapper.java:3516)
	at io.javalin.plugin.json.JavalinJackson.fromJson(JavalinJackson.kt:47)
	at io.javalin.plugin.json.JavalinJson$fromJsonMapper$1.map(JavalinJson.kt:23)
	at io.javalin.plugin.json.JavalinJson.fromJson(JavalinJson.kt:35)
	at io.javalin.http.Context.bodyValidator(Context.kt:148)
	at io.javalin.http.Context.bodyAsClass(Context.kt:136)
	at com.revature.controller.AccountController.lambda$0(AccountController.java:28)
	at io.javalin.core.security.SecurityUtil.noopAccessManager(SecurityUtil.kt:23)
	at io.javalin.http.JavalinServlet$addHandler$protectedHandler$1.handle(JavalinServlet.kt:128)
	at io.javalin.http.JavalinServlet$service$2$1.invoke(JavalinServlet.kt:45)
	at io.javalin.http.JavalinServlet$service$2$1.invoke(JavalinServlet.kt:24)
	at io.javalin.http.JavalinServlet$service$1.invoke(JavalinServlet.kt:136)
	at io.javalin.http.JavalinServlet$service$2.invoke(JavalinServlet.kt:40)
	at io.javalin.http.JavalinServlet.service(JavalinServlet.kt:81)
	at javax.servlet.http.HttpServlet.service(HttpServlet.java:790)
	at io.javalin.websocket.JavalinWsServlet.service(JavalinWsServlet.kt:51)
	at javax.servlet.http.HttpServlet.service(HttpServlet.java:790)
	at org.eclipse.jetty.servlet.ServletHolder.handle(ServletHolder.java:791)
	at org.eclipse.jetty.servlet.ServletHandler.doHandle(ServletHandler.java:550)
	at org.eclipse.jetty.server.handler.ScopedHandler.nextHandle(ScopedHandler.java:233)
	at org.eclipse.jetty.server.session.SessionHandler.doHandle(SessionHandler.java:1624)
	at org.eclipse.jetty.server.handler.ScopedHandler.nextHandle(ScopedHandler.java:233)
	at io.javalin.core.JavalinServer$start$wsAndHttpHandler$1.doHandle(JavalinServer.kt:49)
	at org.eclipse.jetty.server.handler.ScopedHandler.nextScope(ScopedHandler.java:188)
	at org.eclipse.jetty.servlet.ServletHandler.doScope(ServletHandler.java:501)
	at org.eclipse.jetty.server.session.SessionHandler.doScope(SessionHandler.java:1594)
	at org.eclipse.jetty.server.handler.ScopedHandler.nextScope(ScopedHandler.java:186)
	at org.eclipse.jetty.server.handler.ContextHandler.doScope(ContextHandler.java:1350)
	at org.eclipse.jetty.server.handler.ScopedHandler.handle(ScopedHandler.java:141)
	at org.eclipse.jetty.server.handler.StatisticsHandler.handle(StatisticsHandler.java:179)
	at org.eclipse.jetty.server.handler.HandlerWrapper.handle(HandlerWrapper.java:127)
	at org.eclipse.jetty.server.Server.handle(Server.java:516)
	at org.eclipse.jetty.server.HttpChannel.lambda$handle$1(HttpChannel.java:388)
	at org.eclipse.jetty.server.HttpChannel.dispatch(HttpChannel.java:633)
	at org.eclipse.jetty.server.HttpChannel.handle(HttpChannel.java:380)
	at org.eclipse.jetty.server.HttpConnection.onFillable(HttpConnection.java:279)
	at org.eclipse.jetty.io.AbstractConnection$ReadCallback.succeeded(AbstractConnection.java:311)
	at org.eclipse.jetty.io.FillInterest.fillable(FillInterest.java:105)
	at org.eclipse.jetty.io.ChannelEndPoint$1.run(ChannelEndPoint.java:104)
	at org.eclipse.jetty.util.thread.strategy.EatWhatYouKill.runTask(EatWhatYouKill.java:336)
	at org.eclipse.jetty.util.thread.strategy.EatWhatYouKill.doProduce(EatWhatYouKill.java:313)
	at org.eclipse.jetty.util.thread.strategy.EatWhatYouKill.tryProduce(EatWhatYouKill.java:171)
	at org.eclipse.jetty.util.thread.strategy.EatWhatYouKill.run(EatWhatYouKill.java:129)
	at org.eclipse.jetty.util.thread.ReservedThreadExecutor$ReservedThread.run(ReservedThreadExecutor.java:383)
	at org.eclipse.jetty.util.thread.QueuedThreadPool.runJob(QueuedThreadPool.java:882)
	at org.eclipse.jetty.util.thread.QueuedThreadPool$Runner.run(QueuedThreadPool.java:1036)
	at java.base/java.lang.Thread.run(Thread.java:832)
07:48:57.895 [qtp1337192014-21] INFO  com.revature.app.Application - POST request to endpoint /clients/2/accounts received
07:48:57.896 [qtp1337192014-21] INFO  io.javalin.Javalin - Couldn't deserialize body to PostAccountDTO
com.fasterxml.jackson.databind.exc.UnrecognizedPropertyException: Unrecognized field "accountType" (class com.revature.dto.PostAccountDTO), not marked as ignorable (2 known properties: "accountName", "amount"])
 at [Source: (String)"{
    "accountType": "bitcoin",
    "amount": 400
}"; line: 2, column: 21] (through reference chain: com.revature.dto.PostAccountDTO["accountType"])
	at com.fasterxml.jackson.databind.exc.UnrecognizedPropertyException.from(UnrecognizedPropertyException.java:61)
	at com.fasterxml.jackson.databind.DeserializationContext.handleUnknownProperty(DeserializationContext.java:987)
	at com.fasterxml.jackson.databind.deser.std.StdDeserializer.handleUnknownProperty(StdDeserializer.java:1974)
	at com.fasterxml.jackson.databind.deser.BeanDeserializerBase.handleUnknownProperty(BeanDeserializerBase.java:1701)
	at com.fasterxml.jackson.databind.deser.BeanDeserializerBase.handleUnknownVanilla(BeanDeserializerBase.java:1679)
	at com.fasterxml.jackson.databind.deser.BeanDeserializer.vanillaDeserialize(BeanDeserializer.java:330)
	at com.fasterxml.jackson.databind.deser.BeanDeserializer.deserialize(BeanDeserializer.java:187)
	at com.fasterxml.jackson.databind.deser.DefaultDeserializationContext.readRootValue(DefaultDeserializationContext.java:322)
	at com.fasterxml.jackson.databind.ObjectMapper._readMapAndClose(ObjectMapper.java:4593)
	at com.fasterxml.jackson.databind.ObjectMapper.readValue(ObjectMapper.java:3548)
	at com.fasterxml.jackson.databind.ObjectMapper.readValue(ObjectMapper.java:3516)
	at io.javalin.plugin.json.JavalinJackson.fromJson(JavalinJackson.kt:47)
	at io.javalin.plugin.json.JavalinJson$fromJsonMapper$1.map(JavalinJson.kt:23)
	at io.javalin.plugin.json.JavalinJson.fromJson(JavalinJson.kt:35)
	at io.javalin.http.Context.bodyValidator(Context.kt:148)
	at io.javalin.http.Context.bodyAsClass(Context.kt:136)
	at com.revature.controller.AccountController.lambda$0(AccountController.java:28)
	at io.javalin.core.security.SecurityUtil.noopAccessManager(SecurityUtil.kt:23)
	at io.javalin.http.JavalinServlet$addHandler$protectedHandler$1.handle(JavalinServlet.kt:128)
	at io.javalin.http.JavalinServlet$service$2$1.invoke(JavalinServlet.kt:45)
	at io.javalin.http.JavalinServlet$service$2$1.invoke(JavalinServlet.kt:24)
	at io.javalin.http.JavalinServlet$service$1.invoke(JavalinServlet.kt:136)
	at io.javalin.http.JavalinServlet$service$2.invoke(JavalinServlet.kt:40)
	at io.javalin.http.JavalinServlet.service(JavalinServlet.kt:81)
	at javax.servlet.http.HttpServlet.service(HttpServlet.java:790)
	at io.javalin.websocket.JavalinWsServlet.service(JavalinWsServlet.kt:51)
	at javax.servlet.http.HttpServlet.service(HttpServlet.java:790)
	at org.eclipse.jetty.servlet.ServletHolder.handle(ServletHolder.java:791)
	at org.eclipse.jetty.servlet.ServletHandler.doHandle(ServletHandler.java:550)
	at org.eclipse.jetty.server.handler.ScopedHandler.nextHandle(ScopedHandler.java:233)
	at org.eclipse.jetty.server.session.SessionHandler.doHandle(SessionHandler.java:1624)
	at org.eclipse.jetty.server.handler.ScopedHandler.nextHandle(ScopedHandler.java:233)
	at io.javalin.core.JavalinServer$start$wsAndHttpHandler$1.doHandle(JavalinServer.kt:49)
	at org.eclipse.jetty.server.handler.ScopedHandler.nextScope(ScopedHandler.java:188)
	at org.eclipse.jetty.servlet.ServletHandler.doScope(ServletHandler.java:501)
	at org.eclipse.jetty.server.session.SessionHandler.doScope(SessionHandler.java:1594)
	at org.eclipse.jetty.server.handler.ScopedHandler.nextScope(ScopedHandler.java:186)
	at org.eclipse.jetty.server.handler.ContextHandler.doScope(ContextHandler.java:1350)
	at org.eclipse.jetty.server.handler.ScopedHandler.handle(ScopedHandler.java:141)
	at org.eclipse.jetty.server.handler.StatisticsHandler.handle(StatisticsHandler.java:179)
	at org.eclipse.jetty.server.handler.HandlerWrapper.handle(HandlerWrapper.java:127)
	at org.eclipse.jetty.server.Server.handle(Server.java:516)
	at org.eclipse.jetty.server.HttpChannel.lambda$handle$1(HttpChannel.java:388)
	at org.eclipse.jetty.server.HttpChannel.dispatch(HttpChannel.java:633)
	at org.eclipse.jetty.server.HttpChannel.handle(HttpChannel.java:380)
	at org.eclipse.jetty.server.HttpConnection.onFillable(HttpConnection.java:279)
	at org.eclipse.jetty.io.AbstractConnection$ReadCallback.succeeded(AbstractConnection.java:311)
	at org.eclipse.jetty.io.FillInterest.fillable(FillInterest.java:105)
	at org.eclipse.jetty.io.ChannelEndPoint$1.run(ChannelEndPoint.java:104)
	at org.eclipse.jetty.util.thread.strategy.EatWhatYouKill.runTask(EatWhatYouKill.java:336)
	at org.eclipse.jetty.util.thread.strategy.EatWhatYouKill.doProduce(EatWhatYouKill.java:313)
	at org.eclipse.jetty.util.thread.strategy.EatWhatYouKill.tryProduce(EatWhatYouKill.java:171)
	at org.eclipse.jetty.util.thread.strategy.EatWhatYouKill.run(EatWhatYouKill.java:129)
	at org.eclipse.jetty.util.thread.ReservedThreadExecutor$ReservedThread.run(ReservedThreadExecutor.java:383)
	at org.eclipse.jetty.util.thread.QueuedThreadPool.runJob(QueuedThreadPool.java:882)
	at org.eclipse.jetty.util.thread.QueuedThreadPool$Runner.run(QueuedThreadPool.java:1036)
	at java.base/java.lang.Thread.run(Thread.java:832)
07:50:30.831 [main] INFO  io.javalin.Javalin - 
           __                      __ _
          / /____ _ _   __ ____ _ / /(_)____
     __  / // __ `/| | / // __ `// // // __ \
    / /_/ // /_/ / | |/ // /_/ // // // / / /
    \____/ \__,_/  |___/ \__,_//_//_//_/ /_/

        https://javalin.io/documentation

07:50:30.862 [main] INFO  org.eclipse.jetty.util.log - Logging initialized @748ms to org.eclipse.jetty.util.log.Slf4jLog
07:50:30.863 [main] INFO  io.javalin.Javalin - Starting Javalin ...
07:50:31.176 [main] INFO  io.javalin.Javalin - Listening on http://localhost:7001/
07:50:31.177 [main] INFO  io.javalin.Javalin - Javalin started in 315ms \o/
07:50:37.604 [qtp1337192014-21] INFO  com.revature.app.Application - POST request to endpoint /clients received
07:50:37.972 [qtp1337192014-21] WARN  c.r.controller.ExceptionController - Could not add account client. Exception message is 
User tried to add a client that already exists with that name
07:50:43.280 [qtp1337192014-14] INFO  com.revature.app.Application - GET request to endpoint /clients received
07:50:45.652 [qtp1337192014-15] INFO  com.revature.app.Application - GET request to endpoint /clients/1 received
07:50:45.679 [qtp1337192014-15] WARN  io.javalin.Javalin - Uncaught exception
com.revature.exceptions.ClientNotFoundException: Client with id of 1 was not found
	at com.revature.service.ClientService.getClientById(ClientService.java:55)
	at com.revature.controller.ClientController.lambda$2(ClientController.java:39)
	at io.javalin.core.security.SecurityUtil.noopAccessManager(SecurityUtil.kt:23)
	at io.javalin.http.JavalinServlet$addHandler$protectedHandler$1.handle(JavalinServlet.kt:128)
	at io.javalin.http.JavalinServlet$service$2$1.invoke(JavalinServlet.kt:45)
	at io.javalin.http.JavalinServlet$service$2$1.invoke(JavalinServlet.kt:24)
	at io.javalin.http.JavalinServlet$service$1.invoke(JavalinServlet.kt:136)
	at io.javalin.http.JavalinServlet$service$2.invoke(JavalinServlet.kt:40)
	at io.javalin.http.JavalinServlet.service(JavalinServlet.kt:81)
	at javax.servlet.http.HttpServlet.service(HttpServlet.java:790)
	at io.javalin.websocket.JavalinWsServlet.service(JavalinWsServlet.kt:51)
	at javax.servlet.http.HttpServlet.service(HttpServlet.java:790)
	at org.eclipse.jetty.servlet.ServletHolder.handle(ServletHolder.java:791)
	at org.eclipse.jetty.servlet.ServletHandler.doHandle(ServletHandler.java:550)
	at org.eclipse.jetty.server.handler.ScopedHandler.nextHandle(ScopedHandler.java:233)
	at org.eclipse.jetty.server.session.SessionHandler.doHandle(SessionHandler.java:1624)
	at org.eclipse.jetty.server.handler.ScopedHandler.nextHandle(ScopedHandler.java:233)
	at io.javalin.core.JavalinServer$start$wsAndHttpHandler$1.doHandle(JavalinServer.kt:49)
	at org.eclipse.jetty.server.handler.ScopedHandler.nextScope(ScopedHandler.java:188)
	at org.eclipse.jetty.servlet.ServletHandler.doScope(ServletHandler.java:501)
	at org.eclipse.jetty.server.session.SessionHandler.doScope(SessionHandler.java:1594)
	at org.eclipse.jetty.server.handler.ScopedHandler.nextScope(ScopedHandler.java:186)
	at org.eclipse.jetty.server.handler.ContextHandler.doScope(ContextHandler.java:1350)
	at org.eclipse.jetty.server.handler.ScopedHandler.handle(ScopedHandler.java:141)
	at org.eclipse.jetty.server.handler.StatisticsHandler.handle(StatisticsHandler.java:179)
	at org.eclipse.jetty.server.handler.HandlerWrapper.handle(HandlerWrapper.java:127)
	at org.eclipse.jetty.server.Server.handle(Server.java:516)
	at org.eclipse.jetty.server.HttpChannel.lambda$handle$1(HttpChannel.java:388)
	at org.eclipse.jetty.server.HttpChannel.dispatch(HttpChannel.java:633)
	at org.eclipse.jetty.server.HttpChannel.handle(HttpChannel.java:380)
	at org.eclipse.jetty.server.HttpConnection.onFillable(HttpConnection.java:279)
	at org.eclipse.jetty.io.AbstractConnection$ReadCallback.succeeded(AbstractConnection.java:311)
	at org.eclipse.jetty.io.FillInterest.fillable(FillInterest.java:105)
	at org.eclipse.jetty.io.ChannelEndPoint$1.run(ChannelEndPoint.java:104)
	at org.eclipse.jetty.util.thread.strategy.EatWhatYouKill.runTask(EatWhatYouKill.java:336)
	at org.eclipse.jetty.util.thread.strategy.EatWhatYouKill.doProduce(EatWhatYouKill.java:313)
	at org.eclipse.jetty.util.thread.strategy.EatWhatYouKill.tryProduce(EatWhatYouKill.java:171)
	at org.eclipse.jetty.util.thread.strategy.EatWhatYouKill.run(EatWhatYouKill.java:129)
	at org.eclipse.jetty.util.thread.ReservedThreadExecutor$ReservedThread.run(ReservedThreadExecutor.java:383)
	at org.eclipse.jetty.util.thread.QueuedThreadPool.runJob(QueuedThreadPool.java:882)
	at org.eclipse.jetty.util.thread.QueuedThreadPool$Runner.run(QueuedThreadPool.java:1036)
	at java.base/java.lang.Thread.run(Thread.java:832)
07:51:03.346 [qtp1337192014-16] INFO  com.revature.app.Application - PUT request to endpoint /clients/1 received
07:51:03.349 [qtp1337192014-16] WARN  io.javalin.Javalin - Uncaught exception
com.revature.exceptions.ClientNotFoundException: Couldn't find that client in the database
	at com.revature.dao.ClientRepository.updateClient(ClientRepository.java:145)
	at com.revature.service.ClientService.updateClient(ClientService.java:69)
	at com.revature.controller.ClientController.lambda$3(ClientController.java:49)
	at io.javalin.core.security.SecurityUtil.noopAccessManager(SecurityUtil.kt:23)
	at io.javalin.http.JavalinServlet$addHandler$protectedHandler$1.handle(JavalinServlet.kt:128)
	at io.javalin.http.JavalinServlet$service$2$1.invoke(JavalinServlet.kt:45)
	at io.javalin.http.JavalinServlet$service$2$1.invoke(JavalinServlet.kt:24)
	at io.javalin.http.JavalinServlet$service$1.invoke(JavalinServlet.kt:136)
	at io.javalin.http.JavalinServlet$service$2.invoke(JavalinServlet.kt:40)
	at io.javalin.http.JavalinServlet.service(JavalinServlet.kt:81)
	at javax.servlet.http.HttpServlet.service(HttpServlet.java:790)
	at io.javalin.websocket.JavalinWsServlet.service(JavalinWsServlet.kt:51)
	at javax.servlet.http.HttpServlet.service(HttpServlet.java:790)
	at org.eclipse.jetty.servlet.ServletHolder.handle(ServletHolder.java:791)
	at org.eclipse.jetty.servlet.ServletHandler.doHandle(ServletHandler.java:550)
	at org.eclipse.jetty.server.handler.ScopedHandler.nextHandle(ScopedHandler.java:233)
	at org.eclipse.jetty.server.session.SessionHandler.doHandle(SessionHandler.java:1624)
	at org.eclipse.jetty.server.handler.ScopedHandler.nextHandle(ScopedHandler.java:233)
	at io.javalin.core.JavalinServer$start$wsAndHttpHandler$1.doHandle(JavalinServer.kt:49)
	at org.eclipse.jetty.server.handler.ScopedHandler.nextScope(ScopedHandler.java:188)
	at org.eclipse.jetty.servlet.ServletHandler.doScope(ServletHandler.java:501)
	at org.eclipse.jetty.server.session.SessionHandler.doScope(SessionHandler.java:1594)
	at org.eclipse.jetty.server.handler.ScopedHandler.nextScope(ScopedHandler.java:186)
	at org.eclipse.jetty.server.handler.ContextHandler.doScope(ContextHandler.java:1350)
	at org.eclipse.jetty.server.handler.ScopedHandler.handle(ScopedHandler.java:141)
	at org.eclipse.jetty.server.handler.StatisticsHandler.handle(StatisticsHandler.java:179)
	at org.eclipse.jetty.server.handler.HandlerWrapper.handle(HandlerWrapper.java:127)
	at org.eclipse.jetty.server.Server.handle(Server.java:516)
	at org.eclipse.jetty.server.HttpChannel.lambda$handle$1(HttpChannel.java:388)
	at org.eclipse.jetty.server.HttpChannel.dispatch(HttpChannel.java:633)
	at org.eclipse.jetty.server.HttpChannel.handle(HttpChannel.java:380)
	at org.eclipse.jetty.server.HttpConnection.onFillable(HttpConnection.java:279)
	at org.eclipse.jetty.io.AbstractConnection$ReadCallback.succeeded(AbstractConnection.java:311)
	at org.eclipse.jetty.io.FillInterest.fillable(FillInterest.java:105)
	at org.eclipse.jetty.io.ChannelEndPoint$1.run(ChannelEndPoint.java:104)
	at org.eclipse.jetty.util.thread.strategy.EatWhatYouKill.runTask(EatWhatYouKill.java:336)
	at org.eclipse.jetty.util.thread.strategy.EatWhatYouKill.doProduce(EatWhatYouKill.java:313)
	at org.eclipse.jetty.util.thread.strategy.EatWhatYouKill.tryProduce(EatWhatYouKill.java:171)
	at org.eclipse.jetty.util.thread.strategy.EatWhatYouKill.run(EatWhatYouKill.java:129)
	at org.eclipse.jetty.util.thread.ReservedThreadExecutor$ReservedThread.run(ReservedThreadExecutor.java:383)
	at org.eclipse.jetty.util.thread.QueuedThreadPool.runJob(QueuedThreadPool.java:882)
	at org.eclipse.jetty.util.thread.QueuedThreadPool$Runner.run(QueuedThreadPool.java:1036)
	at java.base/java.lang.Thread.run(Thread.java:832)
07:51:06.157 [qtp1337192014-15] INFO  com.revature.app.Application - DELETE request to endpoint /clients/1 received
07:51:06.160 [qtp1337192014-15] WARN  io.javalin.Javalin - Uncaught exception
com.revature.exceptions.ClientNotFoundException: Couldn't find that client in the database
	at com.revature.dao.ClientRepository.deleteClient(ClientRepository.java:168)
	at com.revature.service.ClientService.deleteClient(ClientService.java:86)
	at com.revature.controller.ClientController.lambda$4(ClientController.java:58)
	at io.javalin.core.security.SecurityUtil.noopAccessManager(SecurityUtil.kt:23)
	at io.javalin.http.JavalinServlet$addHandler$protectedHandler$1.handle(JavalinServlet.kt:128)
	at io.javalin.http.JavalinServlet$service$2$1.invoke(JavalinServlet.kt:45)
	at io.javalin.http.JavalinServlet$service$2$1.invoke(JavalinServlet.kt:24)
	at io.javalin.http.JavalinServlet$service$1.invoke(JavalinServlet.kt:136)
	at io.javalin.http.JavalinServlet$service$2.invoke(JavalinServlet.kt:40)
	at io.javalin.http.JavalinServlet.service(JavalinServlet.kt:81)
	at javax.servlet.http.HttpServlet.service(HttpServlet.java:790)
	at io.javalin.websocket.JavalinWsServlet.service(JavalinWsServlet.kt:51)
	at javax.servlet.http.HttpServlet.service(HttpServlet.java:790)
	at org.eclipse.jetty.servlet.ServletHolder.handle(ServletHolder.java:791)
	at org.eclipse.jetty.servlet.ServletHandler.doHandle(ServletHandler.java:550)
	at org.eclipse.jetty.server.handler.ScopedHandler.nextHandle(ScopedHandler.java:233)
	at org.eclipse.jetty.server.session.SessionHandler.doHandle(SessionHandler.java:1624)
	at org.eclipse.jetty.server.handler.ScopedHandler.nextHandle(ScopedHandler.java:233)
	at io.javalin.core.JavalinServer$start$wsAndHttpHandler$1.doHandle(JavalinServer.kt:49)
	at org.eclipse.jetty.server.handler.ScopedHandler.nextScope(ScopedHandler.java:188)
	at org.eclipse.jetty.servlet.ServletHandler.doScope(ServletHandler.java:501)
	at org.eclipse.jetty.server.session.SessionHandler.doScope(SessionHandler.java:1594)
	at org.eclipse.jetty.server.handler.ScopedHandler.nextScope(ScopedHandler.java:186)
	at org.eclipse.jetty.server.handler.ContextHandler.doScope(ContextHandler.java:1350)
	at org.eclipse.jetty.server.handler.ScopedHandler.handle(ScopedHandler.java:141)
	at org.eclipse.jetty.server.handler.StatisticsHandler.handle(StatisticsHandler.java:179)
	at org.eclipse.jetty.server.handler.HandlerWrapper.handle(HandlerWrapper.java:127)
	at org.eclipse.jetty.server.Server.handle(Server.java:516)
	at org.eclipse.jetty.server.HttpChannel.lambda$handle$1(HttpChannel.java:388)
	at org.eclipse.jetty.server.HttpChannel.dispatch(HttpChannel.java:633)
	at org.eclipse.jetty.server.HttpChannel.handle(HttpChannel.java:380)
	at org.eclipse.jetty.server.HttpConnection.onFillable(HttpConnection.java:279)
	at org.eclipse.jetty.io.AbstractConnection$ReadCallback.succeeded(AbstractConnection.java:311)
	at org.eclipse.jetty.io.FillInterest.fillable(FillInterest.java:105)
	at org.eclipse.jetty.io.ChannelEndPoint$1.run(ChannelEndPoint.java:104)
	at org.eclipse.jetty.util.thread.strategy.EatWhatYouKill.runTask(EatWhatYouKill.java:336)
	at org.eclipse.jetty.util.thread.strategy.EatWhatYouKill.doProduce(EatWhatYouKill.java:313)
	at org.eclipse.jetty.util.thread.strategy.EatWhatYouKill.tryProduce(EatWhatYouKill.java:171)
	at org.eclipse.jetty.util.thread.strategy.EatWhatYouKill.run(EatWhatYouKill.java:129)
	at org.eclipse.jetty.util.thread.ReservedThreadExecutor$ReservedThread.run(ReservedThreadExecutor.java:383)
	at org.eclipse.jetty.util.thread.QueuedThreadPool.runJob(QueuedThreadPool.java:882)
	at org.eclipse.jetty.util.thread.QueuedThreadPool$Runner.run(QueuedThreadPool.java:1036)
	at java.base/java.lang.Thread.run(Thread.java:832)
07:51:10.209 [qtp1337192014-16] INFO  com.revature.app.Application - POST request to endpoint /clients/2/accounts received
07:51:12.569 [qtp1337192014-15] INFO  com.revature.app.Application - GET request to endpoint /clients/1/accounts received
07:51:35.318 [qtp1337192014-16] INFO  com.revature.app.Application - GET request to endpoint /clients/3/accounts received
07:51:53.930 [qtp1337192014-15] INFO  com.revature.app.Application - GET request to endpoint /clients/1/accounts received
07:52:05.225 [qtp1337192014-16] INFO  com.revature.app.Application - GET request to endpoint /clients/1/accounts/1 received
07:52:05.229 [qtp1337192014-16] WARN  io.javalin.Javalin - Uncaught exception
java.lang.IllegalArgumentException: Parameter specified as non-null is null: method io.javalin.http.Context.json, parameter obj
	at io.javalin.http.Context.json(Context.kt)
	at com.revature.controller.AccountController.lambda$2(AccountController.java:60)
	at io.javalin.core.security.SecurityUtil.noopAccessManager(SecurityUtil.kt:23)
	at io.javalin.http.JavalinServlet$addHandler$protectedHandler$1.handle(JavalinServlet.kt:128)
	at io.javalin.http.JavalinServlet$service$2$1.invoke(JavalinServlet.kt:45)
	at io.javalin.http.JavalinServlet$service$2$1.invoke(JavalinServlet.kt:24)
	at io.javalin.http.JavalinServlet$service$1.invoke(JavalinServlet.kt:136)
	at io.javalin.http.JavalinServlet$service$2.invoke(JavalinServlet.kt:40)
	at io.javalin.http.JavalinServlet.service(JavalinServlet.kt:81)
	at javax.servlet.http.HttpServlet.service(HttpServlet.java:790)
	at io.javalin.websocket.JavalinWsServlet.service(JavalinWsServlet.kt:51)
	at javax.servlet.http.HttpServlet.service(HttpServlet.java:790)
	at org.eclipse.jetty.servlet.ServletHolder.handle(ServletHolder.java:791)
	at org.eclipse.jetty.servlet.ServletHandler.doHandle(ServletHandler.java:550)
	at org.eclipse.jetty.server.handler.ScopedHandler.nextHandle(ScopedHandler.java:233)
	at org.eclipse.jetty.server.session.SessionHandler.doHandle(SessionHandler.java:1624)
	at org.eclipse.jetty.server.handler.ScopedHandler.nextHandle(ScopedHandler.java:233)
	at io.javalin.core.JavalinServer$start$wsAndHttpHandler$1.doHandle(JavalinServer.kt:49)
	at org.eclipse.jetty.server.handler.ScopedHandler.nextScope(ScopedHandler.java:188)
	at org.eclipse.jetty.servlet.ServletHandler.doScope(ServletHandler.java:501)
	at org.eclipse.jetty.server.session.SessionHandler.doScope(SessionHandler.java:1594)
	at org.eclipse.jetty.server.handler.ScopedHandler.nextScope(ScopedHandler.java:186)
	at org.eclipse.jetty.server.handler.ContextHandler.doScope(ContextHandler.java:1350)
	at org.eclipse.jetty.server.handler.ScopedHandler.handle(ScopedHandler.java:141)
	at org.eclipse.jetty.server.handler.StatisticsHandler.handle(StatisticsHandler.java:179)
	at org.eclipse.jetty.server.handler.HandlerWrapper.handle(HandlerWrapper.java:127)
	at org.eclipse.jetty.server.Server.handle(Server.java:516)
	at org.eclipse.jetty.server.HttpChannel.lambda$handle$1(HttpChannel.java:388)
	at org.eclipse.jetty.server.HttpChannel.dispatch(HttpChannel.java:633)
	at org.eclipse.jetty.server.HttpChannel.handle(HttpChannel.java:380)
	at org.eclipse.jetty.server.HttpConnection.onFillable(HttpConnection.java:279)
	at org.eclipse.jetty.io.AbstractConnection$ReadCallback.succeeded(AbstractConnection.java:311)
	at org.eclipse.jetty.io.FillInterest.fillable(FillInterest.java:105)
	at org.eclipse.jetty.io.ChannelEndPoint$1.run(ChannelEndPoint.java:104)
	at org.eclipse.jetty.util.thread.strategy.EatWhatYouKill.runTask(EatWhatYouKill.java:336)
	at org.eclipse.jetty.util.thread.strategy.EatWhatYouKill.doProduce(EatWhatYouKill.java:313)
	at org.eclipse.jetty.util.thread.strategy.EatWhatYouKill.tryProduce(EatWhatYouKill.java:171)
	at org.eclipse.jetty.util.thread.strategy.EatWhatYouKill.run(EatWhatYouKill.java:129)
	at org.eclipse.jetty.util.thread.ReservedThreadExecutor$ReservedThread.run(ReservedThreadExecutor.java:383)
	at org.eclipse.jetty.util.thread.QueuedThreadPool.runJob(QueuedThreadPool.java:882)
	at org.eclipse.jetty.util.thread.QueuedThreadPool$Runner.run(QueuedThreadPool.java:1036)
	at java.base/java.lang.Thread.run(Thread.java:832)
07:52:08.096 [qtp1337192014-15] INFO  com.revature.app.Application - PUT request to endpoint /clients/1/accounts/1 received
07:52:08.099 [qtp1337192014-15] WARN  c.r.controller.ExceptionController - A user tried to retrieve a account, but it was not found. Exception message is 
Couldn't find that account in the database
07:52:11.981 [qtp1337192014-16] INFO  com.revature.app.Application - DELETE request to endpoint /clients/1/accounts/1 received
07:52:11.987 [qtp1337192014-16] WARN  c.r.controller.ExceptionController - A user tried to retrieve a account, but it was not found. Exception message is 
Couldn't find that account in the database
